c:\users\szymon\desktop\test widget\guifinal\x64\debug\vc143.pdb
c:\users\szymon\desktop\test widget\guifinal\x64\debug\vc143.idb
c:\users\szymon\desktop\test widget\guifinal\x64\debug\main.obj
c:\users\szymon\desktop\test widget\guifinal\x64\debug\wxbase32ud_vc_custom.dll
c:\users\szymon\desktop\test widget\guifinal\x64\debug\zlibd1.dll
c:\users\szymon\desktop\test widget\guifinal\x64\debug\pcre2-16d.dll
c:\users\szymon\desktop\test widget\guifinal\x64\debug\wxmsw32ud_core_vc_custom.dll
c:\users\szymon\desktop\test widget\guifinal\x64\debug\jpeg62.dll
c:\users\szymon\desktop\test widget\guifinal\x64\debug\libpng16d.dll
c:\users\szymon\desktop\test widget\guifinal\x64\debug\tiffd.dll
c:\users\szymon\desktop\test widget\guifinal\x64\debug\liblzma.dll
c:\users\szymon\desktop\test widget\guifinal\x64\debug\guifinal.exe
c:\users\szymon\desktop\test widget\guifinal\x64\debug\guifinal.ilk
c:\users\szymon\desktop\test widget\guifinal\x64\debug\guifinal.pdb
c:\users\szymon\desktop\test widget\guifinal\x64\debug\guifinal.tlog\cl.command.1.tlog
c:\users\szymon\desktop\test widget\guifinal\x64\debug\guifinal.tlog\cl.items.tlog
c:\users\szymon\desktop\test widget\guifinal\x64\debug\guifinal.tlog\cl.read.1.tlog
c:\users\szymon\desktop\test widget\guifinal\x64\debug\guifinal.tlog\cl.write.1.tlog
c:\users\szymon\desktop\test widget\guifinal\x64\debug\guifinal.tlog\guifinal.write.1u.tlog
c:\users\szymon\desktop\test widget\guifinal\x64\debug\guifinal.tlog\link.command.1.tlog
c:\users\szymon\desktop\test widget\guifinal\x64\debug\guifinal.tlog\link.read.1.tlog
c:\users\szymon\desktop\test widget\guifinal\x64\debug\guifinal.tlog\link.write.1.tlog
